<?xml version="1.0" encoding="UTF-8"?>
<robot generator="Robot 7.0 (Python 3.11.8 on darwin)" generated="2024-05-06T21:19:45.784129" rpa="false" schemaversion="5">
<suite id="s1" name="Test Booker" source="/Users/dierokreator/Programming/Interasys/RobotBooker140/__tests__/api/test_booker.robot">
<kw name="Create Token" owner="common" type="SETUP">
<kw name="Create Dictionary" owner="BuiltIn">
<msg time="2024-05-06T21:19:45.890459" level="INFO">${body} = {'username': 'admin', 'password': 'password123'}</msg>
<var>${body}</var>
<arg>username=admin</arg>
<arg>password=password123</arg>
<doc>Creates and returns a dictionary based on the given ``items``.</doc>
<status status="PASS" start="2024-05-06T21:19:45.890032" elapsed="0.002590"/>
</kw>
<kw name="POST" owner="RequestsLibrary">
<msg time="2024-05-06T21:19:46.589881" level="INFO">POST Request : url=https://restful-booker.herokuapp.com/auth 
 path_url=/auth 
 headers={'User-Agent': 'python-requests/2.31.0', 'Accept-Encoding': 'gzip, deflate', 'Accept': '*/*', 'Connection': 'keep-alive', 'Content-Length': '48', 'Content-Type': 'application/json'} 
 body=b'{"username": "admin", "password": "password123"}' 
 </msg>
<msg time="2024-05-06T21:19:46.590534" level="INFO">POST Response : url=https://restful-booker.herokuapp.com/auth 
 status=200, reason=OK 
 headers={'Server': 'Cowboy', 'Report-To': '{"group":"heroku-nel","max_age":3600,"endpoints":[{"url":"https://nel.heroku.com/reports?ts=1715041186&amp;sid=c46efe9b-d3d2-4a0c-8c76-bfafa16c5add&amp;s=HTlK72C635w4ELdOo1smB395Xgx%2BTYVVuuIA7EWBv4I%3D"}]}', 'Reporting-Endpoints': 'heroku-nel=https://nel.heroku.com/reports?ts=1715041186&amp;sid=c46efe9b-d3d2-4a0c-8c76-bfafa16c5add&amp;s=HTlK72C635w4ELdOo1smB395Xgx%2BTYVVuuIA7EWBv4I%3D', 'Nel': '{"report_to":"heroku-nel","max_age":3600,"success_fraction":0.005,"failure_fraction":0.05,"response_headers":["Via"]}', 'Connection': 'keep-alive', 'X-Powered-By': 'Express', 'Content-Type': 'application/json; charset=utf-8', 'Content-Length': '27', 'Etag': 'W/"1b-0tZdRrbaD1QF7lIai8wZwyceE/U"', 'Date': 'Tue, 07 May 2024 00:19:46 GMT', 'Via': '1.1 vegur'} 
 body={"token":"517ceba56974698"} 
 </msg>
<msg time="2024-05-06T21:19:46.591077" level="INFO">${response} = &lt;Response [200]&gt;</msg>
<var>${response}</var>
<arg>url=${url}/auth</arg>
<arg>json=${body}</arg>
<doc>Sends a POST request.</doc>
<status status="PASS" start="2024-05-06T21:19:45.892965" elapsed="0.698419"/>
</kw>
<kw name="Status Should Be" owner="RequestsLibrary">
<arg>200</arg>
<doc>Fails if response status code is different than the expected.</doc>
<status status="PASS" start="2024-05-06T21:19:46.591947" elapsed="0.000566"/>
</kw>
<kw name="Set Variable" owner="BuiltIn">
<msg time="2024-05-06T21:19:46.594479" level="INFO">${token} = 517ceba56974698</msg>
<var>${token}</var>
<arg>${response.json()}[token]</arg>
<doc>Returns the given values which can then be assigned to a variables.</doc>
<status status="PASS" start="2024-05-06T21:19:46.592947" elapsed="0.002044"/>
</kw>
<kw name="Set Suite Variable" owner="BuiltIn">
<msg time="2024-05-06T21:19:46.597433" level="INFO">${token} = 517ceba56974698</msg>
<arg>${token}</arg>
<doc>Makes a variable available everywhere within the scope of the current suite.</doc>
<status status="PASS" start="2024-05-06T21:19:46.596345" elapsed="0.001494"/>
</kw>
<kw name="Log To Console" owner="BuiltIn">
<arg>${token}</arg>
<doc>Logs the given message to the console.</doc>
<status status="PASS" start="2024-05-06T21:19:46.598289" elapsed="0.000662"/>
</kw>
<arg>${url}</arg>
<status status="PASS" start="2024-05-06T21:19:45.889247" elapsed="0.710112"/>
</kw>
<test id="s1-t1" name="Delete Booking" line="91">
<kw name="Get Booking Id" owner="common">
<kw name="GET" owner="RequestsLibrary">
<msg time="2024-05-06T21:19:47.233546" level="INFO">GET Request : url=https://restful-booker.herokuapp.com/booking?firstname=Igor&amp;lastname=Kane 
 path_url=/booking?firstname=Igor&amp;lastname=Kane 
 headers={'User-Agent': 'python-requests/2.31.0', 'Accept-Encoding': 'gzip, deflate', 'Accept': '*/*', 'Connection': 'keep-alive'} 
 body=None 
 </msg>
<msg time="2024-05-06T21:19:47.234307" level="INFO">GET Response : url=https://restful-booker.herokuapp.com/booking?firstname=Igor&amp;lastname=Kane 
 status=200, reason=OK 
 headers={'Server': 'Cowboy', 'Report-To': '{"group":"heroku-nel","max_age":3600,"endpoints":[{"url":"https://nel.heroku.com/reports?ts=1715041187&amp;sid=c46efe9b-d3d2-4a0c-8c76-bfafa16c5add&amp;s=i%2FlOaSNrPriYMxSRBcVgBnE%2Btbsp5a%2BFnCHgU6LZM%2Fg%3D"}]}', 'Reporting-Endpoints': 'heroku-nel=https://nel.heroku.com/reports?ts=1715041187&amp;sid=c46efe9b-d3d2-4a0c-8c76-bfafa16c5add&amp;s=i%2FlOaSNrPriYMxSRBcVgBnE%2Btbsp5a%2BFnCHgU6LZM%2Fg%3D', 'Nel': '{"report_to":"heroku-nel","max_age":3600,"success_fraction":0.005,"failure_fraction":0.05,"response_headers":["Via"]}', 'Connection': 'keep-alive', 'X-Powered-By': 'Express', 'Content-Type': 'application/json; charset=utf-8', 'Content-Length': '39', 'Etag': 'W/"27-7Nl8fQZQViBDiZI+bwRHpz0lTS8"', 'Date': 'Tue, 07 May 2024 00:19:47 GMT', 'Via': '1.1 vegur'} 
 body=[{"bookingid":2989},{"bookingid":2998}] 
 </msg>
<msg time="2024-05-06T21:19:47.234918" level="INFO">${response} = &lt;Response [200]&gt;</msg>
<var>${response}</var>
<arg>url=${url}/booking?firstname=${firstname}&amp;lastname=${lastname}</arg>
<doc>Sends a GET request.</doc>
<status status="PASS" start="2024-05-06T21:19:46.602418" elapsed="0.632721"/>
</kw>
<kw name="Set Variable" owner="BuiltIn">
<msg time="2024-05-06T21:19:47.236638" level="INFO">${response_body} = [{'bookingid': 2989}, {'bookingid': 2998}]</msg>
<var>${response_body}</var>
<arg>${response.json()}</arg>
<doc>Returns the given values which can then be assigned to a variables.</doc>
<status status="PASS" start="2024-05-06T21:19:47.235678" elapsed="0.001129"/>
</kw>
<kw name="Log To Console" owner="BuiltIn">
<arg>${response_body}</arg>
<doc>Logs the given message to the console.</doc>
<status status="PASS" start="2024-05-06T21:19:47.237043" elapsed="0.000355"/>
</kw>
<kw name="Status Should Be" owner="RequestsLibrary">
<arg>200</arg>
<doc>Fails if response status code is different than the expected.</doc>
<status status="PASS" start="2024-05-06T21:19:47.237632" elapsed="0.000233"/>
</kw>
<kw name="Set Variable" owner="BuiltIn">
<msg time="2024-05-06T21:19:47.238368" level="INFO">${booking_id} = 2989</msg>
<var>${booking_id}</var>
<arg>${response_body}[0][bookingid]</arg>
<doc>Returns the given values which can then be assigned to a variables.</doc>
<status status="PASS" start="2024-05-06T21:19:47.238058" elapsed="0.000447"/>
</kw>
<kw name="Set Suite Variable" owner="BuiltIn">
<msg time="2024-05-06T21:19:47.239068" level="INFO">${booking_id} = 2989</msg>
<arg>${booking_id}</arg>
<doc>Makes a variable available everywhere within the scope of the current suite.</doc>
<status status="PASS" start="2024-05-06T21:19:47.238721" elapsed="0.000494"/>
</kw>
<arg>${url}</arg>
<arg>${firstname}</arg>
<arg>${lastname}</arg>
<status status="PASS" start="2024-05-06T21:19:46.600865" elapsed="0.638594"/>
</kw>
<kw name="Create Dictionary" owner="BuiltIn">
<msg time="2024-05-06T21:19:47.240248" level="INFO">${headers} = {'Cookie': 'token=517ceba56974698', 'Content-Type': 'application/json'}</msg>
<var>${headers}</var>
<arg>Cookie=token=${token}</arg>
<arg>Content-Type=${content_type}</arg>
<doc>Creates and returns a dictionary based on the given ``items``.</doc>
<status status="PASS" start="2024-05-06T21:19:47.239773" elapsed="0.002153"/>
</kw>
<kw name="DELETE" owner="RequestsLibrary">
<msg time="2024-05-06T21:19:47.878615" level="INFO">DELETE Request : url=https://restful-booker.herokuapp.com/booking/2989 
 path_url=/booking/2989 
 headers={'User-Agent': 'python-requests/2.31.0', 'Accept-Encoding': 'gzip, deflate', 'Accept': '*/*', 'Connection': 'keep-alive', 'Cookie': 'token=517ceba56974698', 'Content-Type': 'application/json', 'Content-Length': '0'} 
 body=None 
 </msg>
<msg time="2024-05-06T21:19:47.879144" level="INFO">DELETE Response : url=https://restful-booker.herokuapp.com/booking/2989 
 status=201, reason=Created 
 headers={'Server': 'Cowboy', 'Report-To': '{"group":"heroku-nel","max_age":3600,"endpoints":[{"url":"https://nel.heroku.com/reports?ts=1715041187&amp;sid=c46efe9b-d3d2-4a0c-8c76-bfafa16c5add&amp;s=i%2FlOaSNrPriYMxSRBcVgBnE%2Btbsp5a%2BFnCHgU6LZM%2Fg%3D"}]}', 'Reporting-Endpoints': 'heroku-nel=https://nel.heroku.com/reports?ts=1715041187&amp;sid=c46efe9b-d3d2-4a0c-8c76-bfafa16c5add&amp;s=i%2FlOaSNrPriYMxSRBcVgBnE%2Btbsp5a%2BFnCHgU6LZM%2Fg%3D', 'Nel': '{"report_to":"heroku-nel","max_age":3600,"success_fraction":0.005,"failure_fraction":0.05,"response_headers":["Via"]}', 'Connection': 'keep-alive', 'X-Powered-By': 'Express', 'Content-Type': 'text/plain; charset=utf-8', 'Content-Length': '7', 'Etag': 'W/"7-rM9AyJuqT6iOan/xHh+AW+7K/T8"', 'Date': 'Tue, 07 May 2024 00:19:47 GMT', 'Via': '1.1 vegur'} 
 body=Created 
 </msg>
<msg time="2024-05-06T21:19:47.879979" level="INFO">${response} = &lt;Response [201]&gt;</msg>
<var>${response}</var>
<arg>url=${url}/booking/${booking_id}</arg>
<arg>headers=${headers}</arg>
<doc>Sends a DELETE request.</doc>
<status status="PASS" start="2024-05-06T21:19:47.242700" elapsed="0.637562"/>
</kw>
<kw name="Status Should Be" owner="RequestsLibrary">
<arg>201</arg>
<doc>Fails if response status code is different than the expected.</doc>
<status status="PASS" start="2024-05-06T21:19:47.880975" elapsed="0.000712"/>
</kw>
<status status="PASS" start="2024-05-06T21:19:46.599661" elapsed="1.282784"/>
</test>
<status status="PASS" start="2024-05-06T21:19:45.788250" elapsed="2.096481"/>
</suite>
<statistics>
<total>
<stat pass="1" fail="0" skip="0">All Tests</stat>
</total>
<tag>
</tag>
<suite>
<stat pass="1" fail="0" skip="0" id="s1" name="Test Booker">Test Booker</stat>
</suite>
</statistics>
<errors>
</errors>
</robot>
