<?xml version="1.0" encoding="UTF-8"?>
<robot generator="Robot 7.0 (Python 3.11.8 on darwin)" generated="2024-06-02T18:54:43.694944" rpa="false" schemaversion="5">
<suite id="s1" name="Test Booker" source="/Users/dierokreator/Programming/Interasys/RobotBooker140/__tests__/api/test_booker.robot">
<kw name="Create Token" owner="common" type="SETUP">
<kw name="Create Dictionary" owner="BuiltIn">
<msg time="2024-06-02T18:54:43.813524" level="INFO">${body} = {'username': 'admin', 'password': 'password123'}</msg>
<var>${body}</var>
<arg>username=admin</arg>
<arg>password=password123</arg>
<doc>Creates and returns a dictionary based on the given ``items``.</doc>
<status status="PASS" start="2024-06-02T18:54:43.813028" elapsed="0.002638"/>
</kw>
<kw name="POST" owner="RequestsLibrary">
<msg time="2024-06-02T18:54:44.527793" level="INFO">POST Request : url=https://restful-booker.herokuapp.com/auth 
 path_url=/auth 
 headers={'User-Agent': 'python-requests/2.31.0', 'Accept-Encoding': 'gzip, deflate', 'Accept': '*/*', 'Connection': 'keep-alive', 'Content-Length': '48', 'Content-Type': 'application/json'} 
 body=b'{"username": "admin", "password": "password123"}' 
 </msg>
<msg time="2024-06-02T18:54:44.528366" level="INFO">POST Response : url=https://restful-booker.herokuapp.com/auth 
 status=200, reason=OK 
 headers={'Server': 'Cowboy', 'Report-To': '{"group":"heroku-nel","max_age":3600,"endpoints":[{"url":"https://nel.heroku.com/reports?ts=1717365284&amp;sid=c46efe9b-d3d2-4a0c-8c76-bfafa16c5add&amp;s=QU4omnunFN%2Bckz78znBo5Lsjg4fFQQQEyk8hIR2%2Bsl8%3D"}]}', 'Reporting-Endpoints': 'heroku-nel=https://nel.heroku.com/reports?ts=1717365284&amp;sid=c46efe9b-d3d2-4a0c-8c76-bfafa16c5add&amp;s=QU4omnunFN%2Bckz78znBo5Lsjg4fFQQQEyk8hIR2%2Bsl8%3D', 'Nel': '{"report_to":"heroku-nel","max_age":3600,"success_fraction":0.005,"failure_fraction":0.05,"response_headers":["Via"]}', 'Connection': 'keep-alive', 'X-Powered-By': 'Express', 'Content-Type': 'application/json; charset=utf-8', 'Content-Length': '27', 'Etag': 'W/"1b-w9vAh5lDybqCtysH48cqwkqa2NA"', 'Date': 'Sun, 02 Jun 2024 21:54:44 GMT', 'Via': '1.1 vegur'} 
 body={"token":"ea57c45ce3faba2"} 
 </msg>
<msg time="2024-06-02T18:54:44.528830" level="INFO">${response} = &lt;Response [200]&gt;</msg>
<var>${response}</var>
<arg>url=${url}/auth</arg>
<arg>json=${body}</arg>
<doc>Sends a POST request.</doc>
<status status="PASS" start="2024-06-02T18:54:43.816124" elapsed="0.712919"/>
</kw>
<kw name="Status Should Be" owner="RequestsLibrary">
<arg>200</arg>
<doc>Fails if response status code is different than the expected.</doc>
<status status="PASS" start="2024-06-02T18:54:44.529468" elapsed="0.000440"/>
</kw>
<kw name="Set Variable" owner="BuiltIn">
<msg time="2024-06-02T18:54:44.531385" level="INFO">${token} = ea57c45ce3faba2</msg>
<var>${token}</var>
<arg>${response.json()}[token]</arg>
<doc>Returns the given values which can then be assigned to a variables.</doc>
<status status="PASS" start="2024-06-02T18:54:44.530244" elapsed="0.001358"/>
</kw>
<kw name="Set Suite Variable" owner="BuiltIn">
<msg time="2024-06-02T18:54:44.532489" level="INFO">${token} = ea57c45ce3faba2</msg>
<arg>${token}</arg>
<doc>Makes a variable available everywhere within the scope of the current suite.</doc>
<status status="PASS" start="2024-06-02T18:54:44.531969" elapsed="0.000730"/>
</kw>
<kw name="Log To Console" owner="BuiltIn">
<arg>${token}</arg>
<doc>Logs the given message to the console.</doc>
<status status="PASS" start="2024-06-02T18:54:44.532953" elapsed="0.000397"/>
</kw>
<arg>${url}</arg>
<status status="PASS" start="2024-06-02T18:54:43.812096" elapsed="0.721458"/>
</kw>
<test id="s1-t1" name="Get HealthCheck" line="116">
<kw name="GET" owner="RequestsLibrary">
<msg time="2024-06-02T18:54:45.170186" level="INFO">GET Request : url=https://restful-booker.herokuapp.com/ping 
 path_url=/ping 
 headers={'User-Agent': 'python-requests/2.31.0', 'Accept-Encoding': 'gzip, deflate', 'Accept': '*/*', 'Connection': 'keep-alive'} 
 body=None 
 </msg>
<msg time="2024-06-02T18:54:45.171218" level="INFO">GET Response : url=https://restful-booker.herokuapp.com/ping 
 status=201, reason=Created 
 headers={'Server': 'Cowboy', 'Report-To': '{"group":"heroku-nel","max_age":3600,"endpoints":[{"url":"https://nel.heroku.com/reports?ts=1717365285&amp;sid=c46efe9b-d3d2-4a0c-8c76-bfafa16c5add&amp;s=q3l7BTHjp%2BrDVO4U5WrQfTWq%2FBZ7TLSvvVovSU1cHoI%3D"}]}', 'Reporting-Endpoints': 'heroku-nel=https://nel.heroku.com/reports?ts=1717365285&amp;sid=c46efe9b-d3d2-4a0c-8c76-bfafa16c5add&amp;s=q3l7BTHjp%2BrDVO4U5WrQfTWq%2FBZ7TLSvvVovSU1cHoI%3D', 'Nel': '{"report_to":"heroku-nel","max_age":3600,"success_fraction":0.005,"failure_fraction":0.05,"response_headers":["Via"]}', 'Connection': 'keep-alive', 'X-Powered-By': 'Express', 'Content-Type': 'text/plain; charset=utf-8', 'Content-Length': '7', 'Etag': 'W/"7-rM9AyJuqT6iOan/xHh+AW+7K/T8"', 'Date': 'Sun, 02 Jun 2024 21:54:45 GMT', 'Via': '1.1 vegur'} 
 body=Created 
 </msg>
<msg time="2024-06-02T18:54:45.171708" level="INFO">${response} = &lt;Response [201]&gt;</msg>
<var>${response}</var>
<arg>url=${url}/ping</arg>
<doc>Sends a GET request.</doc>
<status status="PASS" start="2024-06-02T18:54:44.534369" elapsed="0.637547"/>
</kw>
<kw name="Status Should Be" owner="RequestsLibrary">
<arg>201</arg>
<doc>Fails if response status code is different than the expected.</doc>
<status status="PASS" start="2024-06-02T18:54:45.172619" elapsed="0.000838"/>
</kw>
<status status="PASS" start="2024-06-02T18:54:44.533750" elapsed="0.640573"/>
</test>
<status status="PASS" start="2024-06-02T18:54:43.698538" elapsed="1.477795"/>
</suite>
<statistics>
<total>
<stat pass="1" fail="0" skip="0">All Tests</stat>
</total>
<tag>
</tag>
<suite>
<stat pass="1" fail="0" skip="0" id="s1" name="Test Booker">Test Booker</stat>
</suite>
</statistics>
<errors>
</errors>
</robot>
