<?xml version="1.0" encoding="UTF-8"?>
<robot generator="Robot 7.0 (Python 3.11.8 on darwin)" generated="2024-04-24T22:47:30.859039" rpa="false" schemaversion="5">
<suite id="s1" name="Test Booker" source="/Users/dierokreator/Programming/Interasys/RobotBooker140/__tests__/api/test_booker.robot">
<kw name="Create Token" owner="common" type="SETUP">
<kw name="Create Dictionary" owner="BuiltIn">
<msg time="2024-04-24T22:47:30.971511" level="INFO">${body} = {'username': 'admin', 'password': 'password123'}</msg>
<var>${body}</var>
<arg>username=admin</arg>
<arg>password=password123</arg>
<doc>Creates and returns a dictionary based on the given ``items``.</doc>
<status status="PASS" start="2024-04-24T22:47:30.970746" elapsed="0.004082"/>
</kw>
<kw name="POST" owner="RequestsLibrary">
<msg time="2024-04-24T22:47:31.675164" level="INFO">POST Request : url=https://restful-booker.herokuapp.com/auth 
 path_url=/auth 
 headers={'User-Agent': 'python-requests/2.31.0', 'Accept-Encoding': 'gzip, deflate', 'Accept': '*/*', 'Connection': 'keep-alive', 'Content-Length': '48', 'Content-Type': 'application/json'} 
 body=b'{"username": "admin", "password": "password123"}' 
 </msg>
<msg time="2024-04-24T22:47:31.675539" level="INFO">POST Response : url=https://restful-booker.herokuapp.com/auth 
 status=200, reason=OK 
 headers={'Server': 'Cowboy', 'Report-To': '{"group":"heroku-nel","max_age":3600,"endpoints":[{"url":"https://nel.heroku.com/reports?ts=1714009652&amp;sid=c46efe9b-d3d2-4a0c-8c76-bfafa16c5add&amp;s=Ldr9IxmGZ4nqhcXlzwxPjBz0OjnhjCKaNjJmuMBmG3k%3D"}]}', 'Reporting-Endpoints': 'heroku-nel=https://nel.heroku.com/reports?ts=1714009652&amp;sid=c46efe9b-d3d2-4a0c-8c76-bfafa16c5add&amp;s=Ldr9IxmGZ4nqhcXlzwxPjBz0OjnhjCKaNjJmuMBmG3k%3D', 'Nel': '{"report_to":"heroku-nel","max_age":3600,"success_fraction":0.005,"failure_fraction":0.05,"response_headers":["Via"]}', 'Connection': 'keep-alive', 'X-Powered-By': 'Express', 'Content-Type': 'application/json; charset=utf-8', 'Content-Length': '27', 'Etag': 'W/"1b-sRL0x52157NmeXMe19s4Pvdr5pM"', 'Date': 'Thu, 25 Apr 2024 01:47:32 GMT', 'Via': '1.1 vegur'} 
 body={"token":"9fd7eac68a34449"} 
 </msg>
<msg time="2024-04-24T22:47:31.675823" level="INFO">${response} = &lt;Response [200]&gt;</msg>
<var>${response}</var>
<arg>url=${url}/auth</arg>
<arg>json=${body}</arg>
<doc>Sends a POST request.</doc>
<status status="PASS" start="2024-04-24T22:47:30.975733" elapsed="0.700222"/>
</kw>
<kw name="Status Should Be" owner="RequestsLibrary">
<arg>200</arg>
<doc>Fails if response status code is different than the expected.</doc>
<status status="PASS" start="2024-04-24T22:47:31.676229" elapsed="0.000303"/>
</kw>
<kw name="Set Variable" owner="BuiltIn">
<msg time="2024-04-24T22:47:31.677710" level="INFO">${token} = 9fd7eac68a34449</msg>
<var>${token}</var>
<arg>${response.json()}[token]</arg>
<doc>Returns the given values which can then be assigned to a variables.</doc>
<status status="PASS" start="2024-04-24T22:47:31.676775" elapsed="0.001131"/>
</kw>
<kw name="Set Suite Variable" owner="BuiltIn">
<msg time="2024-04-24T22:47:31.678490" level="INFO">${token} = 9fd7eac68a34449</msg>
<arg>${token}</arg>
<doc>Makes a variable available everywhere within the scope of the current suite.</doc>
<status status="PASS" start="2024-04-24T22:47:31.678163" elapsed="0.000480"/>
</kw>
<kw name="Log To Console" owner="BuiltIn">
<arg>${token}</arg>
<doc>Logs the given message to the console.</doc>
<status status="PASS" start="2024-04-24T22:47:31.678821" elapsed="0.000283"/>
</kw>
<arg>${url}</arg>
<status status="PASS" start="2024-04-24T22:47:30.969532" elapsed="0.709711"/>
</kw>
<test id="s1-t1" name="Create Booking" line="15">
<kw name="Create Dictionary" owner="BuiltIn">
<msg time="2024-04-24T22:47:31.680214" level="INFO">${headers} = {'Content-Type': 'application/json'}</msg>
<var>${headers}</var>
<arg>Content-Type=${content_type}</arg>
<doc>Creates and returns a dictionary based on the given ``items``.</doc>
<status status="PASS" start="2024-04-24T22:47:31.679832" elapsed="0.001911"/>
</kw>
<kw name="Evaluate" owner="BuiltIn">
<msg time="2024-04-24T22:47:31.683657" level="INFO">${body} = {'firstname': 'Igor', 'lastname': 'Kane', 'totalprice': 200, 'depositpaid': False, 'bookingdates': {'checkin': '2024-04-28', 'checkout': '2024-04-28'}, 'additionalneeds': 'Breakfast'}</msg>
<var>${body}</var>
<arg>json.loads(open('./fixtures/json/booking1.json').read())</arg>
<doc>Evaluates the given expression in Python and returns the result.</doc>
<status status="PASS" start="2024-04-24T22:47:31.682400" elapsed="0.001538"/>
</kw>
<kw name="POST" owner="RequestsLibrary">
<msg time="2024-04-24T22:47:32.325109" level="INFO">POST Request : url=https://restful-booker.herokuapp.com/booking 
 path_url=/booking 
 headers={'User-Agent': 'python-requests/2.31.0', 'Accept-Encoding': 'gzip, deflate', 'Accept': '*/*', 'Connection': 'keep-alive', 'Content-Type': 'application/json', 'Content-Length': '183'} 
 body=b'{"firstname": "Igor", "lastname": "Kane", "totalprice": 200, "depositpaid": false, "bookingdates": {"checkin": "2024-04-28", "checkout": "2024-04-28"}, "additionalneeds": "Breakfast"}' 
 </msg>
<msg time="2024-04-24T22:47:32.325847" level="INFO">POST Response : url=https://restful-booker.herokuapp.com/booking 
 status=200, reason=OK 
 headers={'Server': 'Cowboy', 'Report-To': '{"group":"heroku-nel","max_age":3600,"endpoints":[{"url":"https://nel.heroku.com/reports?ts=1714009652&amp;sid=c46efe9b-d3d2-4a0c-8c76-bfafa16c5add&amp;s=Ldr9IxmGZ4nqhcXlzwxPjBz0OjnhjCKaNjJmuMBmG3k%3D"}]}', 'Reporting-Endpoints': 'heroku-nel=https://nel.heroku.com/reports?ts=1714009652&amp;sid=c46efe9b-d3d2-4a0c-8c76-bfafa16c5add&amp;s=Ldr9IxmGZ4nqhcXlzwxPjBz0OjnhjCKaNjJmuMBmG3k%3D', 'Nel': '{"report_to":"heroku-nel","max_age":3600,"success_fraction":0.005,"failure_fraction":0.05,"response_headers":["Via"]}', 'Connection': 'keep-alive', 'X-Powered-By': 'Express', 'Content-Type': 'application/json; charset=utf-8', 'Content-Length': '198', 'Etag': 'W/"c6-142YSMifz5oN9cogOp7RvEqCV8A"', 'Date': 'Thu, 25 Apr 2024 01:47:32 GMT', 'Via': '1.1 vegur'} 
 body={"bookingid":3013,"booking":{"firstname":"Igor","lastname":"Kane","totalprice":200,"depositpaid":false,"bookingdates":{"checkin":"2024-04-28","checkout":"2024-04-28"},"additionalneeds":"Breakfast"}} 
 </msg>
<msg time="2024-04-24T22:47:32.326502" level="INFO">${response} = &lt;Response [200]&gt;</msg>
<var>${response}</var>
<arg>url=${url}/booking</arg>
<arg>json=${body}</arg>
<arg>headers=${headers}</arg>
<doc>Sends a POST request.</doc>
<status status="PASS" start="2024-04-24T22:47:31.684464" elapsed="0.642242"/>
</kw>
<kw name="Set Variable" owner="BuiltIn">
<msg time="2024-04-24T22:47:32.328719" level="INFO">${response_body} = {'bookingid': 3013, 'booking': {'firstname': 'Igor', 'lastname': 'Kane', 'totalprice': 200, 'depositpaid': False, 'bookingdates': {'checkin': '2024-04-28', 'checkout': '2024-04-28'}, 'additionalneeds'...</msg>
<var>${response_body}</var>
<arg>${response.json()}</arg>
<doc>Returns the given values which can then be assigned to a variables.</doc>
<status status="PASS" start="2024-04-24T22:47:32.327251" elapsed="0.001771"/>
</kw>
<kw name="Log To Console" owner="BuiltIn">
<arg>${response_body}</arg>
<doc>Logs the given message to the console.</doc>
<status status="PASS" start="2024-04-24T22:47:32.330904" elapsed="0.000722"/>
</kw>
<kw name="Status Should Be" owner="RequestsLibrary">
<arg>200</arg>
<doc>Fails if response status code is different than the expected.</doc>
<status status="PASS" start="2024-04-24T22:47:32.332615" elapsed="0.000832"/>
</kw>
<kw name="Should Be Equal" owner="BuiltIn">
<arg>${response_body}[booking][firstname]</arg>
<arg>Igor</arg>
<doc>Fails if the given objects are unequal.</doc>
<status status="PASS" start="2024-04-24T22:47:32.334374" elapsed="0.001379"/>
</kw>
<kw name="Should Be Equal" owner="BuiltIn">
<arg>${response_body}[booking][bookingdates][checkin]</arg>
<arg>2024-04-28</arg>
<doc>Fails if the given objects are unequal.</doc>
<status status="PASS" start="2024-04-24T22:47:32.336274" elapsed="0.000665"/>
</kw>
<status status="PASS" start="2024-04-24T22:47:31.679394" elapsed="0.658022"/>
</test>
<status status="PASS" start="2024-04-24T22:47:30.863264" elapsed="1.475589"/>
</suite>
<statistics>
<total>
<stat pass="1" fail="0" skip="0">All Tests</stat>
</total>
<tag>
</tag>
<suite>
<stat pass="1" fail="0" skip="0" id="s1" name="Test Booker">Test Booker</stat>
</suite>
</statistics>
<errors>
</errors>
</robot>
